#
# There is insufficient memory for the Java Runtime Environment to continue.
# Native memory allocation (malloc) failed to allocate 1848016 bytes. Error detail: Chunk::new
# Possible reasons:
#   The system is out of physical RAM or swap space
#   This process is running with CompressedOops enabled, and the Java Heap may be blocking the growth of the native heap
# Possible solutions:
#   Reduce memory load on the system
#   Increase physical memory or swap space
#   Check if swap backing store is full
#   Decrease Java heap size (-Xmx/-Xms)
#   Decrease number of Java threads
#   Decrease Java thread stack sizes (-Xss)
#   Set larger code cache with -XX:ReservedCodeCacheSize=
#   JVM is running with Unscaled Compressed Oops mode in which the Java heap is
#     placed in the first 4GB address space. The Java Heap base address is the
#     maximum limit for the native heap growth. Please use -XX:HeapBaseMinAddress
#     to set the Java Heap base and to place the Java Heap above 4GB virtual address.
# This output file may be truncated or incomplete.
#
#  Out of Memory Error (arena.cpp:168), pid=24224, tid=40684
#
# JRE version: OpenJDK Runtime Environment Temurin-21.0.8+9 (21.0.8+9) (build 21.0.8+9-LTS)
# Java VM: OpenJDK 64-Bit Server VM Temurin-21.0.8+9 (21.0.8+9-LTS, mixed mode, sharing, tiered, compressed oops, compressed class ptrs, parallel gc, windows-amd64)
# No core dump will be written. Minidumps are not enabled by default on client versions of Windows
#

---------------  S U M M A R Y ------------

Command Line: --add-modules=ALL-SYSTEM --add-opens=java.base/java.util=ALL-UNNAMED --add-opens=java.base/java.lang=ALL-UNNAMED --add-opens=java.base/sun.nio.fs=ALL-UNNAMED -Declipse.application=org.eclipse.jdt.ls.core.id1 -Dosgi.bundles.defaultStartLevel=4 -Declipse.product=org.eclipse.jdt.ls.core.product -Djava.import.generatesMetadataFilesAtProjectRoot=false -DDetectVMInstallationsJob.disabled=true -Dfile.encoding=utf8 -XX:+UseParallelGC -XX:GCTimeRatio=4 -XX:AdaptiveSizePolicyWeight=90 -Dsun.zip.disableMemoryMapping=true -Xmx2G -Xms100m -Xlog:disable -javaagent:c:\Users\rithi\.vscode\extensions\redhat.java-1.46.0-win32-x64\lombok\lombok-1.18.39-4050.jar -XX:+HeapDumpOnOutOfMemoryError -XX:HeapDumpPath=c:\Users\rithi\AppData\Roaming\Code\User\workspaceStorage\7736a05f26cb1fdb0d13bf7f1e0869df\redhat.java -Daether.dependencyCollector.impl=bf c:\Users\rithi\.vscode\extensions\redhat.java-1.46.0-win32-x64\server\plugins\org.eclipse.equinox.launcher_1.7.0.v20250519-0528.jar -configuration c:\Users\rithi\AppData\Roaming\Code\User\globalStorage\redhat.java\1.46.0\config_win -data c:\Users\rithi\AppData\Roaming\Code\User\workspaceStorage\7736a05f26cb1fdb0d13bf7f1e0869df\redhat.java\jdt_ws --pipe=\\.\pipe\lsp-0d1037db7814b4b1b461acd4cc99e33e-sock

Host: AMD Ryzen 9 8945HS w/ Radeon 780M Graphics, 16 cores, 15G,  Windows 11 , 64 bit Build 26100 (10.0.26100.5074)
Time: Tue Oct  7 10:50:30 2025 India Standard Time elapsed time: 32.748067 seconds (0d 0h 0m 32s)

---------------  T H R E A D  ---------------

Current thread (0x000002072153fac0):  JavaThread "C2 CompilerThread2" daemon [_thread_in_native, id=40684, stack(0x000000ba58100000,0x000000ba58200000) (1024K)]


Current CompileTask:
C2:32748 7841       4       org.eclipse.osgi.container.ModuleDatabase$Persistence::addMap (289 bytes)

Stack: [0x000000ba58100000,0x000000ba58200000]
Native frames: (J=compiled Java code, j=interpreted, Vv=VM code, C=native code)
V  [jvm.dll+0x6d2449]
V  [jvm.dll+0x8ae341]
V  [jvm.dll+0x8b08be]
V  [jvm.dll+0x8b0fa3]
V  [jvm.dll+0x280c96]
V  [jvm.dll+0xc581d]
V  [jvm.dll+0xc5d53]
V  [jvm.dll+0x3b9162]
V  [jvm.dll+0x385315]
V  [jvm.dll+0x38477a]
V  [jvm.dll+0x248ed0]
V  [jvm.dll+0x2484af]
V  [jvm.dll+0x1c89ee]
V  [jvm.dll+0x257d4d]
V  [jvm.dll+0x2562ea]
V  [jvm.dll+0x3f2d16]
V  [jvm.dll+0x857e6b]
V  [jvm.dll+0x6d0b0d]
C  [ucrtbase.dll+0x37b0]
C  [KERNEL32.DLL+0x2e8d7]
C  [ntdll.dll+0x8d9c]


---------------  P R O C E S S  ---------------

Threads class SMR info:
_java_thread_list=0x0000020721a2d780, length=56, elements={
0x00000206bd0397e0, 0x00000206d5d0d740, 0x00000206bd3d2280, 0x00000206bd3d5230,
0x00000206bd3d7170, 0x00000206bd3d7eb0, 0x00000206bd3d8bf0, 0x00000206bd3dbf70,
0x00000206bd3e45a0, 0x000002071838cbe0, 0x000002071860d6b0, 0x000002071e94f2b0,
0x000002071eb29910, 0x000002071e8e2c70, 0x000002071e9a5500, 0x000002071eaa19c0,
0x000002071f0a9020, 0x000002071f105da0, 0x000002071f105080, 0x000002071f105710,
0x000002071f106430, 0x000002071f103cd0, 0x000002071f104360, 0x0000020721146870,
0x0000020721145b50, 0x0000020721148fd0, 0x0000020721149660, 0x0000020721147c20,
0x00000207211461e0, 0x00000207211482b0, 0x0000020721149cf0, 0x000002072114a380,
0x0000020721147590, 0x0000020721146f00, 0x000002072114b0a0, 0x000002072114aa10,
0x000002072114b730, 0x0000020721148940, 0x000002072114bdc0, 0x000002072114c450,
0x000002072114cae0, 0x000002072114d170, 0x0000020720f41730, 0x0000020720f3e940,
0x0000020720f3f660, 0x0000020720f3fcf0, 0x0000020720f40380, 0x0000020720f410a0,
0x0000020722f23a20, 0x0000020722f24740, 0x0000020722f21fe0, 0x0000020722f24dd0,
0x0000020722f22670, 0x0000020721540190, 0x00000207215423a0, 0x000002072153fac0
}

Java Threads: ( => current thread )
  0x00000206bd0397e0 JavaThread "main"                              [_thread_blocked, id=25856, stack(0x000000ba57100000,0x000000ba57200000) (1024K)]
  0x00000206d5d0d740 JavaThread "Reference Handler"          daemon [_thread_blocked, id=35140, stack(0x000000ba57500000,0x000000ba57600000) (1024K)]
  0x00000206bd3d2280 JavaThread "Finalizer"                  daemon [_thread_blocked, id=7980, stack(0x000000ba57600000,0x000000ba57700000) (1024K)]
  0x00000206bd3d5230 JavaThread "Signal Dispatcher"          daemon [_thread_blocked, id=12152, stack(0x000000ba57700000,0x000000ba57800000) (1024K)]
  0x00000206bd3d7170 JavaThread "Attach Listener"            daemon [_thread_blocked, id=19384, stack(0x000000ba57800000,0x000000ba57900000) (1024K)]
  0x00000206bd3d7eb0 JavaThread "Service Thread"             daemon [_thread_blocked, id=24376, stack(0x000000ba57900000,0x000000ba57a00000) (1024K)]
  0x00000206bd3d8bf0 JavaThread "Monitor Deflation Thread"   daemon [_thread_blocked, id=28664, stack(0x000000ba57a00000,0x000000ba57b00000) (1024K)]
  0x00000206bd3dbf70 JavaThread "C2 CompilerThread0"         daemon [_thread_blocked, id=30708, stack(0x000000ba57b00000,0x000000ba57c00000) (1024K)]
  0x00000206bd3e45a0 JavaThread "C1 CompilerThread0"         daemon [_thread_blocked, id=2344, stack(0x000000ba57c00000,0x000000ba57d00000) (1024K)]
  0x000002071838cbe0 JavaThread "Common-Cleaner"             daemon [_thread_blocked, id=7848, stack(0x000000ba57d00000,0x000000ba57e00000) (1024K)]
  0x000002071860d6b0 JavaThread "Notification Thread"        daemon [_thread_blocked, id=19536, stack(0x000000ba58200000,0x000000ba58300000) (1024K)]
  0x000002071e94f2b0 JavaThread "Active Thread: Equinox Container: f70bf1d9-e616-488e-b4cd-7d0913e17a09"        [_thread_blocked, id=30460, stack(0x000000ba58a00000,0x000000ba58b00000) (1024K)]
  0x000002071eb29910 JavaThread "Refresh Thread: Equinox Container: f70bf1d9-e616-488e-b4cd-7d0913e17a09" daemon [_thread_blocked, id=6844, stack(0x000000ba58c00000,0x000000ba58d00000) (1024K)]
  0x000002071e8e2c70 JavaThread "Framework Event Dispatcher: Equinox Container: f70bf1d9-e616-488e-b4cd-7d0913e17a09" daemon [_thread_blocked, id=33364, stack(0x000000ba58d00000,0x000000ba58e00000) (1024K)]
  0x000002071e9a5500 JavaThread "Start Level: Equinox Container: f70bf1d9-e616-488e-b4cd-7d0913e17a09" daemon [_thread_blocked, id=38000, stack(0x000000ba58e00000,0x000000ba58f00000) (1024K)]
  0x000002071eaa19c0 JavaThread "Bundle File Closer"         daemon [_thread_blocked, id=21420, stack(0x000000ba59200000,0x000000ba59300000) (1024K)]
  0x000002071f0a9020 JavaThread "SCR Component Actor"        daemon [_thread_blocked, id=28500, stack(0x000000ba57f00000,0x000000ba58000000) (1024K)]
  0x000002071f105da0 JavaThread "Worker-JM"                         [_thread_blocked, id=38888, stack(0x000000ba59500000,0x000000ba59600000) (1024K)]
  0x000002071f105080 JavaThread "JNA Cleaner"                daemon [_thread_blocked, id=10960, stack(0x000000ba59700000,0x000000ba59800000) (1024K)]
  0x000002071f105710 JavaThread "Worker-0"                          [_thread_blocked, id=41368, stack(0x000000ba59800000,0x000000ba59900000) (1024K)]
  0x000002071f106430 JavaThread "Worker-1"                          [_thread_blocked, id=20664, stack(0x000000ba59900000,0x000000ba59a00000) (1024K)]
  0x000002071f103cd0 JavaThread "Java indexing"              daemon [_thread_blocked, id=41756, stack(0x000000ba59a00000,0x000000ba59b00000) (1024K)]
  0x000002071f104360 JavaThread "Worker-2"                          [_thread_blocked, id=18956, stack(0x000000ba59d00000,0x000000ba59e00000) (1024K)]
  0x0000020721146870 JavaThread "Worker-3: Synchronize Gradle projects with workspace"        [_thread_blocked, id=24516, stack(0x000000ba59e00000,0x000000ba59f00000) (1024K)]
  0x0000020721145b50 JavaThread "Thread-1"                   daemon [_thread_in_native, id=12328, stack(0x000000ba59f00000,0x000000ba5a000000) (1024K)]
  0x0000020721148fd0 JavaThread "Thread-2"                   daemon [_thread_in_native, id=13252, stack(0x000000ba5a000000,0x000000ba5a100000) (1024K)]
  0x0000020721149660 JavaThread "Thread-3"                   daemon [_thread_in_native, id=12756, stack(0x000000ba5a100000,0x000000ba5a200000) (1024K)]
  0x0000020721147c20 JavaThread "Thread-4"                   daemon [_thread_in_native, id=12804, stack(0x000000ba5a200000,0x000000ba5a300000) (1024K)]
  0x00000207211461e0 JavaThread "Thread-5"                   daemon [_thread_in_native, id=42372, stack(0x000000ba5a300000,0x000000ba5a400000) (1024K)]
  0x00000207211482b0 JavaThread "Thread-6"                   daemon [_thread_in_native, id=14424, stack(0x000000ba5a400000,0x000000ba5a500000) (1024K)]
  0x0000020721149cf0 JavaThread "Thread-7"                   daemon [_thread_in_native, id=39836, stack(0x000000ba5a500000,0x000000ba5a600000) (1024K)]
  0x000002072114a380 JavaThread "Thread-8"                   daemon [_thread_in_native, id=24568, stack(0x000000ba5a600000,0x000000ba5a700000) (1024K)]
  0x0000020721147590 JavaThread "Thread-9"                   daemon [_thread_in_native, id=22284, stack(0x000000ba5a700000,0x000000ba5a800000) (1024K)]
  0x0000020721146f00 JavaThread "Thread-10"                  daemon [_thread_in_native, id=33100, stack(0x000000ba5a800000,0x000000ba5a900000) (1024K)]
  0x000002072114b0a0 JavaThread "Thread-11"                  daemon [_thread_in_native, id=18312, stack(0x000000ba5a900000,0x000000ba5aa00000) (1024K)]
  0x000002072114aa10 JavaThread "Thread-12"                  daemon [_thread_in_native, id=20964, stack(0x000000ba5aa00000,0x000000ba5ab00000) (1024K)]
  0x000002072114b730 JavaThread "Thread-13"                  daemon [_thread_in_native, id=16280, stack(0x000000ba5ab00000,0x000000ba5ac00000) (1024K)]
  0x0000020721148940 JavaThread "Thread-14"                  daemon [_thread_in_native, id=24652, stack(0x000000ba5ac00000,0x000000ba5ad00000) (1024K)]
  0x000002072114bdc0 JavaThread "Thread-15"                  daemon [_thread_in_native, id=16632, stack(0x000000ba5ad00000,0x000000ba5ae00000) (1024K)]
  0x000002072114c450 JavaThread "Thread-16"                  daemon [_thread_in_native, id=22128, stack(0x000000ba5ae00000,0x000000ba5af00000) (1024K)]
  0x000002072114cae0 JavaThread "Thread-17"                  daemon [_thread_in_native, id=18648, stack(0x000000ba5af00000,0x000000ba5b000000) (1024K)]
  0x000002072114d170 JavaThread "pool-2-thread-1"                   [_thread_blocked, id=8624, stack(0x000000ba5b000000,0x000000ba5b100000) (1024K)]
  0x0000020720f41730 JavaThread "Timer-0"                           [_thread_blocked, id=3840, stack(0x000000ba5b100000,0x000000ba5b200000) (1024K)]
  0x0000020720f3e940 JavaThread "Timer-1"                           [_thread_blocked, id=41240, stack(0x000000ba5b200000,0x000000ba5b300000) (1024K)]
  0x0000020720f3f660 JavaThread "Worker-4"                          [_thread_blocked, id=41312, stack(0x000000ba5b300000,0x000000ba5b400000) (1024K)]
  0x0000020720f3fcf0 JavaThread "WorkspaceEventsHandler"            [_thread_blocked, id=41388, stack(0x000000ba5b400000,0x000000ba5b500000) (1024K)]
  0x0000020720f40380 JavaThread "pool-1-thread-1"                   [_thread_blocked, id=33852, stack(0x000000ba5b500000,0x000000ba5b600000) (1024K)]
  0x0000020720f410a0 JavaThread "Worker-5"                          [_thread_blocked, id=25800, stack(0x000000ba5b700000,0x000000ba5b800000) (1024K)]
  0x0000020722f23a20 JavaThread "Timer-2"                           [_thread_blocked, id=25048, stack(0x000000ba5b600000,0x000000ba5b700000) (1024K)]
  0x0000020722f24740 JavaThread "Timer-3"                           [_thread_blocked, id=34132, stack(0x000000ba5b800000,0x000000ba5b900000) (1024K)]
  0x0000020722f21fe0 JavaThread "Timer-4"                           [_thread_blocked, id=34776, stack(0x000000ba5b900000,0x000000ba5ba00000) (1024K)]
  0x0000020722f24dd0 JavaThread "Connection worker"                 [_thread_in_native, id=38056, stack(0x000000ba5ba00000,0x000000ba5bb00000) (1024K)]
  0x0000020722f22670 JavaThread "pool-3-thread-1"                   [_thread_blocked, id=9928, stack(0x000000ba59300000,0x000000ba59400000) (1024K)]
  0x0000020721540190 JavaThread "C1 CompilerThread1"         daemon [_thread_blocked, id=26896, stack(0x000000ba57e00000,0x000000ba57f00000) (1024K)]
  0x00000207215423a0 JavaThread "C2 CompilerThread1"         daemon [_thread_blocked, id=21008, stack(0x000000ba58000000,0x000000ba58100000) (1024K)]
=>0x000002072153fac0 JavaThread "C2 CompilerThread2"         daemon [_thread_in_native, id=40684, stack(0x000000ba58100000,0x000000ba58200000) (1024K)]
Total: 56

Other Threads:
  0x00000206bd3cfbc0 VMThread "VM Thread"                           [id=18024, stack(0x000000ba57400000,0x000000ba57500000) (1024K)]
  0x00000206bd39bdd0 WatcherThread "VM Periodic Task Thread"        [id=27680, stack(0x000000ba57300000,0x000000ba57400000) (1024K)]
  0x00000206bd34b340 WorkerThread "GC Thread#0"                     [id=36172, stack(0x000000ba57200000,0x000000ba57300000) (1024K)]
  0x000002071e6c74b0 WorkerThread "GC Thread#1"                     [id=26172, stack(0x000000ba58400000,0x000000ba58500000) (1024K)]
  0x000002071e530720 WorkerThread "GC Thread#2"                     [id=29808, stack(0x000000ba58500000,0x000000ba58600000) (1024K)]
  0x000002071e530ac0 WorkerThread "GC Thread#3"                     [id=42116, stack(0x000000ba58600000,0x000000ba58700000) (1024K)]
  0x000002071e52ffe0 WorkerThread "GC Thread#4"                     [id=22876, stack(0x000000ba58700000,0x000000ba58800000) (1024K)]
  0x000002071e530380 WorkerThread "GC Thread#5"                     [id=36232, stack(0x000000ba58800000,0x000000ba58900000) (1024K)]
  0x000002071e530e60 WorkerThread "GC Thread#6"                     [id=32000, stack(0x000000ba58900000,0x000000ba58a00000) (1024K)]
  0x000002071e52f8a0 WorkerThread "GC Thread#7"                     [id=18264, stack(0x000000ba58b00000,0x000000ba58c00000) (1024K)]
  0x000002071ec6e770 WorkerThread "GC Thread#8"                     [id=37916, stack(0x000000ba58f00000,0x000000ba59000000) (1024K)]
  0x000002071ec6dc90 WorkerThread "GC Thread#9"                     [id=19932, stack(0x000000ba59000000,0x000000ba59100000) (1024K)]
  0x000002071ec6f5f0 WorkerThread "GC Thread#10"                    [id=20680, stack(0x000000ba59100000,0x000000ba59200000) (1024K)]
  0x000002071ec6eeb0 WorkerThread "GC Thread#11"                    [id=31296, stack(0x000000ba58300000,0x000000ba58400000) (1024K)]
  0x000002071ec6d1b0 WorkerThread "GC Thread#12"                    [id=37248, stack(0x000000ba59600000,0x000000ba59700000) (1024K)]
Total: 15

Threads with active compile tasks:
C2 CompilerThread2  32784 7841       4       org.eclipse.osgi.container.ModuleDatabase$Persistence::addMap (289 bytes)
Total: 1

VM state: not at safepoint (normal execution)

VM Mutex/Monitor currently owned by a thread: None

Heap address: 0x0000000080000000, size: 2048 MB, Compressed Oops mode: 32-bit

CDS archive(s) mapped at: [0x00000206d6000000-0x00000206d6ba0000-0x00000206d6ba0000), size 12189696, SharedBaseAddress: 0x00000206d6000000, ArchiveRelocationMode: 1.
Compressed class space mapped at: 0x00000206d7000000-0x0000020717000000, reserved size: 1073741824
Narrow klass base: 0x00000206d6000000, Narrow klass shift: 0, Narrow klass range: 0x100000000

GC Precious Log:
 CardTable entry size: 512
 CPUs: 16 total, 16 available
 Memory: 15661M
 Large Page Support: Disabled
 NUMA Support: Disabled
 Compressed Oops: Enabled (32-bit)
 Alignments: Space 512K, Generation 512K, Heap 2M
 Heap Min Capacity: 100M
 Heap Initial Capacity: 100M
 Heap Max Capacity: 2G
 Pre-touch: Disabled
 Parallel Workers: 13

Heap:
 PSYoungGen      total 15872K, used 6296K [0x00000000d5580000, 0x00000000d6680000, 0x0000000100000000)
  eden space 15360K, 37% used [0x00000000d5580000,0x00000000d5b26398,0x00000000d6480000)
  from space 512K, 100% used [0x00000000d6480000,0x00000000d6500000,0x00000000d6500000)
  to   space 1024K, 0% used [0x00000000d6580000,0x00000000d6580000,0x00000000d6680000)
 ParOldGen       total 68608K, used 39135K [0x0000000080000000, 0x0000000084300000, 0x00000000d5580000)
  object space 68608K, 57% used [0x0000000080000000,0x0000000082637d08,0x0000000084300000)
 Metaspace       used 62200K, committed 63552K, reserved 1114112K
  class space    used 7884K, committed 8512K, reserved 1048576K

Card table byte_map: [0x00000206d1020000,0x00000206d1430000] _byte_map_base: 0x00000206d0c20000

Marking Bits: (ParMarkBitMap*) 0x00007ffbbf95a340
 Begin Bits: [0x00000206d16e0000, 0x00000206d36e0000)
 End Bits:   [0x00000206d36e0000, 0x00000206d56e0000)

Polling page: 0x00000206bd710000

Metaspace:

Usage:
  Non-class:     53.04 MB used.
      Class:      7.70 MB used.
       Both:     60.74 MB used.

Virtual space:
  Non-class space:       64.00 MB reserved,      53.75 MB ( 84%) committed,  1 nodes.
      Class space:        1.00 GB reserved,       8.31 MB ( <1%) committed,  1 nodes.
             Both:        1.06 GB reserved,      62.06 MB (  6%) committed. 

Chunk freelists:
   Non-Class:  9.92 MB
       Class:  7.74 MB
        Both:  17.67 MB

MaxMetaspaceSize: unlimited
CompressedClassSpaceSize: 1.00 GB
Initial GC threshold: 21.00 MB
Current GC threshold: 97.31 MB
CDS: on
 - commit_granule_bytes: 65536.
 - commit_granule_words: 8192.
 - virtual_space_node_default_size: 8388608.
 - enlarge_chunks_in_place: 1.
 - use_allocation_guard: 0.


Internal statistics:

num_allocs_failed_limit: 11.
num_arena_births: 1182.
num_arena_deaths: 14.
num_vsnodes_births: 2.
num_vsnodes_deaths: 0.
num_space_committed: 993.
num_space_uncommitted: 0.
num_chunks_returned_to_freelist: 25.
num_chunks_taken_from_freelist: 3962.
num_chunk_merges: 17.
num_chunk_splits: 2511.
num_chunks_enlarged: 1478.
num_inconsistent_stats: 0.

CodeHeap 'non-profiled nmethods': size=119168Kb used=5040Kb max_used=5040Kb free=114127Kb
 bounds [0x00000206c99e0000, 0x00000206c9ed0000, 0x00000206d0e40000]
CodeHeap 'profiled nmethods': size=119104Kb used=14875Kb max_used=14875Kb free=104228Kb
 bounds [0x00000206c1e40000, 0x00000206c2cd0000, 0x00000206c9290000]
CodeHeap 'non-nmethods': size=7488Kb used=1957Kb max_used=3170Kb free=5531Kb
 bounds [0x00000206c9290000, 0x00000206c95b0000, 0x00000206c99e0000]
CodeCache: size=245760Kb, used=21872Kb, max_used=23085Kb, free=223886Kb
 total_blobs=7890, nmethods=7200, adapters=595, full_count=0
Compilation: enabled, stopped_count=0, restarted_count=0

Compilation events (20 events):
Event: 31.637 Thread 0x00000207215423a0 7858       4       org.osgi.framework.Version::hashCode (65 bytes)
Event: 31.638 Thread 0x00000207215423a0 nmethod 7858 0x00000206c9ec5e90 code [0x00000206c9ec6020, 0x00000206c9ec6158]
Event: 31.638 Thread 0x00000207215423a0 7857       4       java.io.BufferedOutputStream::implWrite (71 bytes)
Event: 31.640 Thread 0x00000207215423a0 nmethod 7857 0x00000206c9ec6210 code [0x00000206c9ec63c0, 0x00000206c9ec66a0]
Event: 31.640 Thread 0x00000207215423a0 7889       4       org.eclipse.osgi.container.ModuleDatabase$Persistence::addToWriteTable (77 bytes)
Event: 31.653 Thread 0x00000207215423a0 nmethod 7889 0x00000206c9ec6890 code [0x00000206c9ec6b00, 0x00000206c9ec7640]
Event: 31.654 Thread 0x00000207215423a0 7890       4       java.util.Collections$UnmodifiableMap::hashCode (10 bytes)
Event: 31.659 Thread 0x00000206bd3dbf70 nmethod 7879 0x00000206c9ec7f10 code [0x00000206c9ec8320, 0x00000206c9ec9d98]
Event: 31.664 Thread 0x00000207215423a0 nmethod 7890 0x00000206c9ecb610 code [0x00000206c9ecb7e0, 0x00000206c9ecbe50]
Event: 31.665 Thread 0x0000020721540190 7901   !   3       java.io.RandomAccessFile::close (69 bytes)
Event: 31.666 Thread 0x0000020721540190 nmethod 7901 0x00000206c2cc1510 code [0x00000206c2cc1700, 0x00000206c2cc1bf8]
Event: 32.004 Thread 0x00000206bd3e45a0 7902       3       java.util.concurrent.ThreadPoolExecutor::beforeExecute (1 bytes)
Event: 32.005 Thread 0x00000206bd3e45a0 nmethod 7902 0x00000206c2cc1d90 code [0x00000206c2cc1f20, 0x00000206c2cc2028]
Event: 32.046 Thread 0x0000020721540190 7903       3       java.util.TaskQueue::rescheduleMin (16 bytes)
Event: 32.046 Thread 0x00000206bd3e45a0 7904       3       java.util.TaskQueue::fixDown (108 bytes)
Event: 32.046 Thread 0x0000020721540190 nmethod 7903 0x00000206c2cc2090 code [0x00000206c2cc2240, 0x00000206c2cc23b8]
Event: 32.046 Thread 0x0000020721540190 7905       3       org.eclipse.buildship.core.internal.util.progress.RateLimitingProgressMonitor$1::run (55 bytes)
Event: 32.046 Thread 0x00000206bd3e45a0 nmethod 7904 0x00000206c2cc2510 code [0x00000206c2cc2700, 0x00000206c2cc2ce0]
Event: 32.506 Thread 0x00000206bd3e45a0 7906       3       org.gradle.internal.time.MonotonicClock::getCurrentTime (70 bytes)
Event: 32.746 Thread 0x00000206bd3e45a0 nmethod 7906 0x00000206c2cc2f90 code [0x00000206c2cc31a0, 0x00000206c2cc3578]

GC Heap History (20 events):
Event: 9.208 GC heap before
{Heap before GC invocations=43 (full 2):
 PSYoungGen      total 16896K, used 16800K [0x00000000d5580000, 0x00000000d6780000, 0x0000000100000000)
  eden space 16384K, 100% used [0x00000000d5580000,0x00000000d6580000,0x00000000d6580000)
  from space 512K, 81% used [0x00000000d6700000,0x00000000d6768000,0x00000000d6780000)
  to   space 1024K, 0% used [0x00000000d6580000,0x00000000d6580000,0x00000000d6680000)
 ParOldGen       total 68608K, used 41194K [0x0000000080000000, 0x0000000084300000, 0x00000000d5580000)
  object space 68608K, 60% used [0x0000000080000000,0x000000008283aaa0,0x0000000084300000)
 Metaspace       used 57086K, committed 58432K, reserved 1114112K
  class space    used 7196K, committed 7808K, reserved 1048576K
}
Event: 9.209 GC heap after
{Heap after GC invocations=43 (full 2):
 PSYoungGen      total 17408K, used 478K [0x00000000d5580000, 0x00000000d6780000, 0x0000000100000000)
  eden space 16384K, 0% used [0x00000000d5580000,0x00000000d5580000,0x00000000d6580000)
  from space 1024K, 46% used [0x00000000d6580000,0x00000000d65f79b0,0x00000000d6680000)
  to   space 1024K, 0% used [0x00000000d6680000,0x00000000d6680000,0x00000000d6780000)
 ParOldGen       total 68608K, used 41453K [0x0000000080000000, 0x0000000084300000, 0x00000000d5580000)
  object space 68608K, 60% used [0x0000000080000000,0x000000008287b750,0x0000000084300000)
 Metaspace       used 57086K, committed 58432K, reserved 1114112K
  class space    used 7196K, committed 7808K, reserved 1048576K
}
Event: 9.351 GC heap before
{Heap before GC invocations=44 (full 2):
 PSYoungGen      total 17408K, used 14624K [0x00000000d5580000, 0x00000000d6780000, 0x0000000100000000)
  eden space 16384K, 86% used [0x00000000d5580000,0x00000000d6350898,0x00000000d6580000)
  from space 1024K, 46% used [0x00000000d6580000,0x00000000d65f79b0,0x00000000d6680000)
  to   space 1024K, 0% used [0x00000000d6680000,0x00000000d6680000,0x00000000d6780000)
 ParOldGen       total 68608K, used 41453K [0x0000000080000000, 0x0000000084300000, 0x00000000d5580000)
  object space 68608K, 60% used [0x0000000080000000,0x000000008287b750,0x0000000084300000)
 Metaspace       used 58443K, committed 59776K, reserved 1114112K
  class space    used 7414K, committed 8064K, reserved 1048576K
}
Event: 9.351 GC heap after
{Heap after GC invocations=44 (full 2):
 PSYoungGen      total 17408K, used 576K [0x00000000d5580000, 0x00000000d6780000, 0x0000000100000000)
  eden space 16384K, 0% used [0x00000000d5580000,0x00000000d5580000,0x00000000d6580000)
  from space 1024K, 56% used [0x00000000d6680000,0x00000000d6710000,0x00000000d6780000)
  to   space 1024K, 0% used [0x00000000d6580000,0x00000000d6580000,0x00000000d6680000)
 ParOldGen       total 68608K, used 41541K [0x0000000080000000, 0x0000000084300000, 0x00000000d5580000)
  object space 68608K, 60% used [0x0000000080000000,0x0000000082891760,0x0000000084300000)
 Metaspace       used 58443K, committed 59776K, reserved 1114112K
  class space    used 7414K, committed 8064K, reserved 1048576K
}
Event: 9.351 GC heap before
{Heap before GC invocations=45 (full 3):
 PSYoungGen      total 17408K, used 576K [0x00000000d5580000, 0x00000000d6780000, 0x0000000100000000)
  eden space 16384K, 0% used [0x00000000d5580000,0x00000000d5580000,0x00000000d6580000)
  from space 1024K, 56% used [0x00000000d6680000,0x00000000d6710000,0x00000000d6780000)
  to   space 1024K, 0% used [0x00000000d6580000,0x00000000d6580000,0x00000000d6680000)
 ParOldGen       total 68608K, used 41541K [0x0000000080000000, 0x0000000084300000, 0x00000000d5580000)
  object space 68608K, 60% used [0x0000000080000000,0x0000000082891760,0x0000000084300000)
 Metaspace       used 58443K, committed 59776K, reserved 1114112K
  class space    used 7414K, committed 8064K, reserved 1048576K
}
Event: 9.384 GC heap after
{Heap after GC invocations=45 (full 3):
 PSYoungGen      total 17408K, used 0K [0x00000000d5580000, 0x00000000d6780000, 0x0000000100000000)
  eden space 16384K, 0% used [0x00000000d5580000,0x00000000d5580000,0x00000000d6580000)
  from space 1024K, 0% used [0x00000000d6680000,0x00000000d6680000,0x00000000d6780000)
  to   space 1024K, 0% used [0x00000000d6580000,0x00000000d6580000,0x00000000d6680000)
 ParOldGen       total 68608K, used 37103K [0x0000000080000000, 0x0000000084300000, 0x00000000d5580000)
  object space 68608K, 54% used [0x0000000080000000,0x000000008243bc68,0x0000000084300000)
 Metaspace       used 58443K, committed 59776K, reserved 1114112K
  class space    used 7414K, committed 8064K, reserved 1048576K
}
Event: 11.565 GC heap before
{Heap before GC invocations=46 (full 3):
 PSYoungGen      total 17408K, used 16356K [0x00000000d5580000, 0x00000000d6780000, 0x0000000100000000)
  eden space 16384K, 99% used [0x00000000d5580000,0x00000000d6579360,0x00000000d6580000)
  from space 1024K, 0% used [0x00000000d6680000,0x00000000d6680000,0x00000000d6780000)
  to   space 1024K, 0% used [0x00000000d6580000,0x00000000d6580000,0x00000000d6680000)
 ParOldGen       total 68608K, used 37103K [0x0000000080000000, 0x0000000084300000, 0x00000000d5580000)
  object space 68608K, 54% used [0x0000000080000000,0x000000008243bc68,0x0000000084300000)
 Metaspace       used 60133K, committed 61504K, reserved 1114112K
  class space    used 7662K, committed 8256K, reserved 1048576K
}
Event: 11.567 GC heap after
{Heap after GC invocations=46 (full 3):
 PSYoungGen      total 17408K, used 864K [0x00000000d5580000, 0x00000000d6780000, 0x0000000100000000)
  eden space 16384K, 0% used [0x00000000d5580000,0x00000000d5580000,0x00000000d6580000)
  from space 1024K, 84% used [0x00000000d6580000,0x00000000d6658000,0x00000000d6680000)
  to   space 1024K, 0% used [0x00000000d6680000,0x00000000d6680000,0x00000000d6780000)
 ParOldGen       total 68608K, used 37111K [0x0000000080000000, 0x0000000084300000, 0x00000000d5580000)
  object space 68608K, 54% used [0x0000000080000000,0x000000008243dc68,0x0000000084300000)
 Metaspace       used 60133K, committed 61504K, reserved 1114112K
  class space    used 7662K, committed 8256K, reserved 1048576K
}
Event: 20.461 GC heap before
{Heap before GC invocations=47 (full 3):
 PSYoungGen      total 17408K, used 17248K [0x00000000d5580000, 0x00000000d6780000, 0x0000000100000000)
  eden space 16384K, 100% used [0x00000000d5580000,0x00000000d6580000,0x00000000d6580000)
  from space 1024K, 84% used [0x00000000d6580000,0x00000000d6658000,0x00000000d6680000)
  to   space 1024K, 0% used [0x00000000d6680000,0x00000000d6680000,0x00000000d6780000)
 ParOldGen       total 68608K, used 37111K [0x0000000080000000, 0x0000000084300000, 0x00000000d5580000)
  object space 68608K, 54% used [0x0000000080000000,0x000000008243dc68,0x0000000084300000)
 Metaspace       used 61771K, committed 63040K, reserved 1114112K
  class space    used 7854K, committed 8448K, reserved 1048576K
}
Event: 20.462 GC heap after
{Heap after GC invocations=47 (full 3):
 PSYoungGen      total 16384K, used 992K [0x00000000d5580000, 0x00000000d6980000, 0x0000000100000000)
  eden space 15360K, 0% used [0x00000000d5580000,0x00000000d5580000,0x00000000d6480000)
  from space 1024K, 96% used [0x00000000d6680000,0x00000000d6778010,0x00000000d6780000)
  to   space 2048K, 0% used [0x00000000d6480000,0x00000000d6480000,0x00000000d6680000)
 ParOldGen       total 68608K, used 37767K [0x0000000080000000, 0x0000000084300000, 0x00000000d5580000)
  object space 68608K, 55% used [0x0000000080000000,0x00000000824e1c78,0x0000000084300000)
 Metaspace       used 61771K, committed 63040K, reserved 1114112K
  class space    used 7854K, committed 8448K, reserved 1048576K
}
Event: 25.216 GC heap before
{Heap before GC invocations=48 (full 3):
 PSYoungGen      total 16384K, used 16352K [0x00000000d5580000, 0x00000000d6980000, 0x0000000100000000)
  eden space 15360K, 100% used [0x00000000d5580000,0x00000000d6480000,0x00000000d6480000)
  from space 1024K, 96% used [0x00000000d6680000,0x00000000d6778010,0x00000000d6780000)
  to   space 2048K, 0% used [0x00000000d6480000,0x00000000d6480000,0x00000000d6680000)
 ParOldGen       total 68608K, used 37767K [0x0000000080000000, 0x0000000084300000, 0x00000000d5580000)
  object space 68608K, 55% used [0x0000000080000000,0x00000000824e1c78,0x0000000084300000)
 Metaspace       used 61832K, committed 63104K, reserved 1114112K
  class space    used 7854K, committed 8448K, reserved 1048576K
}
Event: 25.217 GC heap after
{Heap after GC invocations=48 (full 3):
 PSYoungGen      total 15872K, used 288K [0x00000000d5580000, 0x00000000d6700000, 0x0000000100000000)
  eden space 15360K, 0% used [0x00000000d5580000,0x00000000d5580000,0x00000000d6480000)
  from space 512K, 56% used [0x00000000d6480000,0x00000000d64c8000,0x00000000d6500000)
  to   space 1024K, 0% used [0x00000000d6600000,0x00000000d6600000,0x00000000d6700000)
 ParOldGen       total 68608K, used 38751K [0x0000000080000000, 0x0000000084300000, 0x00000000d5580000)
  object space 68608K, 56% used [0x0000000080000000,0x00000000825d7ce8,0x0000000084300000)
 Metaspace       used 61832K, committed 63104K, reserved 1114112K
  class space    used 7854K, committed 8448K, reserved 1048576K
}
Event: 27.781 GC heap before
{Heap before GC invocations=49 (full 3):
 PSYoungGen      total 15872K, used 15648K [0x00000000d5580000, 0x00000000d6700000, 0x0000000100000000)
  eden space 15360K, 100% used [0x00000000d5580000,0x00000000d6480000,0x00000000d6480000)
  from space 512K, 56% used [0x00000000d6480000,0x00000000d64c8000,0x00000000d6500000)
  to   space 1024K, 0% used [0x00000000d6600000,0x00000000d6600000,0x00000000d6700000)
 ParOldGen       total 68608K, used 38751K [0x0000000080000000, 0x0000000084300000, 0x00000000d5580000)
  object space 68608K, 56% used [0x0000000080000000,0x00000000825d7ce8,0x0000000084300000)
 Metaspace       used 61960K, committed 63296K, reserved 1114112K
  class space    used 7874K, committed 8512K, reserved 1048576K
}
Event: 27.783 GC heap after
{Heap after GC invocations=49 (full 3):
 PSYoungGen      total 15872K, used 384K [0x00000000d5580000, 0x00000000d6680000, 0x0000000100000000)
  eden space 15360K, 0% used [0x00000000d5580000,0x00000000d5580000,0x00000000d6480000)
  from space 512K, 75% used [0x00000000d6600000,0x00000000d6660010,0x00000000d6680000)
  to   space 512K, 0% used [0x00000000d6480000,0x00000000d6480000,0x00000000d6500000)
 ParOldGen       total 68608K, used 38799K [0x0000000080000000, 0x0000000084300000, 0x00000000d5580000)
  object space 68608K, 56% used [0x0000000080000000,0x00000000825e3ce8,0x0000000084300000)
 Metaspace       used 61960K, committed 63296K, reserved 1114112K
  class space    used 7874K, committed 8512K, reserved 1048576K
}
Event: 28.356 GC heap before
{Heap before GC invocations=50 (full 3):
 PSYoungGen      total 15872K, used 15744K [0x00000000d5580000, 0x00000000d6680000, 0x0000000100000000)
  eden space 15360K, 100% used [0x00000000d5580000,0x00000000d6480000,0x00000000d6480000)
  from space 512K, 75% used [0x00000000d6600000,0x00000000d6660010,0x00000000d6680000)
  to   space 512K, 0% used [0x00000000d6480000,0x00000000d6480000,0x00000000d6500000)
 ParOldGen       total 68608K, used 38799K [0x0000000080000000, 0x0000000084300000, 0x00000000d5580000)
  object space 68608K, 56% used [0x0000000080000000,0x00000000825e3ce8,0x0000000084300000)
 Metaspace       used 61960K, committed 63296K, reserved 1114112K
  class space    used 7874K, committed 8512K, reserved 1048576K
}
Event: 28.357 GC heap after
{Heap after GC invocations=50 (full 3):
 PSYoungGen      total 15872K, used 160K [0x00000000d5580000, 0x00000000d6680000, 0x0000000100000000)
  eden space 15360K, 0% used [0x00000000d5580000,0x00000000d5580000,0x00000000d6480000)
  from space 512K, 31% used [0x00000000d6480000,0x00000000d64a8000,0x00000000d6500000)
  to   space 512K, 0% used [0x00000000d6600000,0x00000000d6600000,0x00000000d6680000)
 ParOldGen       total 68608K, used 39039K [0x0000000080000000, 0x0000000084300000, 0x00000000d5580000)
  object space 68608K, 56% used [0x0000000080000000,0x000000008261fd08,0x0000000084300000)
 Metaspace       used 61960K, committed 63296K, reserved 1114112K
  class space    used 7874K, committed 8512K, reserved 1048576K
}
Event: 28.671 GC heap before
{Heap before GC invocations=51 (full 3):
 PSYoungGen      total 15872K, used 15520K [0x00000000d5580000, 0x00000000d6680000, 0x0000000100000000)
  eden space 15360K, 100% used [0x00000000d5580000,0x00000000d6480000,0x00000000d6480000)
  from space 512K, 31% used [0x00000000d6480000,0x00000000d64a8000,0x00000000d6500000)
  to   space 512K, 0% used [0x00000000d6600000,0x00000000d6600000,0x00000000d6680000)
 ParOldGen       total 68608K, used 39039K [0x0000000080000000, 0x0000000084300000, 0x00000000d5580000)
  object space 68608K, 56% used [0x0000000080000000,0x000000008261fd08,0x0000000084300000)
 Metaspace       used 61961K, committed 63296K, reserved 1114112K
  class space    used 7874K, committed 8512K, reserved 1048576K
}
Event: 28.672 GC heap after
{Heap after GC invocations=51 (full 3):
 PSYoungGen      total 15872K, used 288K [0x00000000d5580000, 0x00000000d6680000, 0x0000000100000000)
  eden space 15360K, 0% used [0x00000000d5580000,0x00000000d5580000,0x00000000d6480000)
  from space 512K, 56% used [0x00000000d6600000,0x00000000d6648000,0x00000000d6680000)
  to   space 512K, 0% used [0x00000000d6480000,0x00000000d6480000,0x00000000d6500000)
 ParOldGen       total 68608K, used 39063K [0x0000000080000000, 0x0000000084300000, 0x00000000d5580000)
  object space 68608K, 56% used [0x0000000080000000,0x0000000082625d08,0x0000000084300000)
 Metaspace       used 61961K, committed 63296K, reserved 1114112K
  class space    used 7874K, committed 8512K, reserved 1048576K
}
Event: 31.573 GC heap before
{Heap before GC invocations=52 (full 3):
 PSYoungGen      total 15872K, used 15648K [0x00000000d5580000, 0x00000000d6680000, 0x0000000100000000)
  eden space 15360K, 100% used [0x00000000d5580000,0x00000000d6480000,0x00000000d6480000)
  from space 512K, 56% used [0x00000000d6600000,0x00000000d6648000,0x00000000d6680000)
  to   space 512K, 0% used [0x00000000d6480000,0x00000000d6480000,0x00000000d6500000)
 ParOldGen       total 68608K, used 39063K [0x0000000080000000, 0x0000000084300000, 0x00000000d5580000)
  object space 68608K, 56% used [0x0000000080000000,0x0000000082625d08,0x0000000084300000)
 Metaspace       used 61994K, committed 63360K, reserved 1114112K
  class space    used 7874K, committed 8512K, reserved 1048576K
}
Event: 31.574 GC heap after
{Heap after GC invocations=52 (full 3):
 PSYoungGen      total 15872K, used 512K [0x00000000d5580000, 0x00000000d6680000, 0x0000000100000000)
  eden space 15360K, 0% used [0x00000000d5580000,0x00000000d5580000,0x00000000d6480000)
  from space 512K, 100% used [0x00000000d6480000,0x00000000d6500000,0x00000000d6500000)
  to   space 1024K, 0% used [0x00000000d6580000,0x00000000d6580000,0x00000000d6680000)
 ParOldGen       total 68608K, used 39135K [0x0000000080000000, 0x0000000084300000, 0x00000000d5580000)
  object space 68608K, 57% used [0x0000000080000000,0x0000000082637d08,0x0000000084300000)
 Metaspace       used 61994K, committed 63360K, reserved 1114112K
  class space    used 7874K, committed 8512K, reserved 1048576K
}

Dll operation events (15 events):
Event: 0.016 Loaded shared library c:\Users\rithi\.vscode\extensions\redhat.java-1.46.0-win32-x64\jre\21.0.8-win32-x86_64\bin\java.dll
Event: 0.144 Loaded shared library c:\Users\rithi\.vscode\extensions\redhat.java-1.46.0-win32-x64\jre\21.0.8-win32-x86_64\bin\zip.dll
Event: 0.174 Loaded shared library C:\Users\rithi\.vscode\extensions\redhat.java-1.46.0-win32-x64\jre\21.0.8-win32-x86_64\bin\instrument.dll
Event: 0.182 Loaded shared library C:\Users\rithi\.vscode\extensions\redhat.java-1.46.0-win32-x64\jre\21.0.8-win32-x86_64\bin\net.dll
Event: 0.185 Loaded shared library C:\Users\rithi\.vscode\extensions\redhat.java-1.46.0-win32-x64\jre\21.0.8-win32-x86_64\bin\nio.dll
Event: 0.190 Loaded shared library C:\Users\rithi\.vscode\extensions\redhat.java-1.46.0-win32-x64\jre\21.0.8-win32-x86_64\bin\zip.dll
Event: 0.214 Loaded shared library C:\Users\rithi\.vscode\extensions\redhat.java-1.46.0-win32-x64\jre\21.0.8-win32-x86_64\bin\jimage.dll
Event: 0.361 Loaded shared library c:\Users\rithi\.vscode\extensions\redhat.java-1.46.0-win32-x64\jre\21.0.8-win32-x86_64\bin\verify.dll
Event: 1.802 Loaded shared library C:\Users\rithi\AppData\Roaming\Code\User\globalStorage\redhat.java\1.46.0\config_win\org.eclipse.equinox.launcher\org.eclipse.equinox.launcher.win32.win32.x86_64_1.2.1400.v20250801-0854\eclipse_11916.dll
Event: 3.438 Loaded shared library C:\Users\rithi\AppData\Local\Temp\jna-108524254\jna5849927647359040446.dll
Event: 6.193 Loaded shared library C:\Users\rithi\.gradle\native\1def1411415f61bf3af743bc5b6707747c0891f09f0c88961ee8f79bc544acac\windows-amd64\native-platform.dll
Event: 7.550 Loaded shared library C:\Users\rithi\.vscode\extensions\redhat.java-1.46.0-win32-x64\jre\21.0.8-win32-x86_64\bin\management.dll
Event: 7.552 Loaded shared library C:\Users\rithi\.vscode\extensions\redhat.java-1.46.0-win32-x64\jre\21.0.8-win32-x86_64\bin\management_ext.dll
Event: 9.421 Loaded shared library C:\Users\rithi\.vscode\extensions\redhat.java-1.46.0-win32-x64\jre\21.0.8-win32-x86_64\bin\extnet.dll
Event: 11.721 Loaded shared library C:\Users\rithi\.vscode\extensions\redhat.java-1.46.0-win32-x64\jre\21.0.8-win32-x86_64\bin\sunmscapi.dll

Deoptimization events (20 events):
Event: 31.576 Thread 0x000002071e94f2b0 DEOPT PACKING pc=0x00000206c2b64d50 sp=0x000000ba58afee70
Event: 31.576 Thread 0x000002071e94f2b0 DEOPT UNPACKING pc=0x00000206c92e78e2 sp=0x000000ba58afe3c8 mode 0
Event: 31.577 Thread 0x000002071e94f2b0 DEOPT PACKING pc=0x00000206c2b64d50 sp=0x000000ba58afee70
Event: 31.577 Thread 0x000002071e94f2b0 DEOPT UNPACKING pc=0x00000206c92e78e2 sp=0x000000ba58afe3c8 mode 0
Event: 31.577 Thread 0x000002071e94f2b0 DEOPT PACKING pc=0x00000206c2b64d50 sp=0x000000ba58afee70
Event: 31.577 Thread 0x000002071e94f2b0 DEOPT UNPACKING pc=0x00000206c92e78e2 sp=0x000000ba58afe3c8 mode 0
Event: 31.577 Thread 0x000002071e94f2b0 DEOPT PACKING pc=0x00000206c2b64d50 sp=0x000000ba58afee70
Event: 31.577 Thread 0x000002071e94f2b0 DEOPT UNPACKING pc=0x00000206c92e78e2 sp=0x000000ba58afe3c8 mode 0
Event: 31.578 Thread 0x000002071e94f2b0 DEOPT PACKING pc=0x00000206c2b64d50 sp=0x000000ba58afee70
Event: 31.578 Thread 0x000002071e94f2b0 DEOPT UNPACKING pc=0x00000206c92e78e2 sp=0x000000ba58afe3c8 mode 0
Event: 31.579 Thread 0x000002071e94f2b0 DEOPT PACKING pc=0x00000206c2b64d50 sp=0x000000ba58afee70
Event: 31.579 Thread 0x000002071e94f2b0 DEOPT UNPACKING pc=0x00000206c92e78e2 sp=0x000000ba58afe3c8 mode 0
Event: 31.580 Thread 0x000002071e94f2b0 Uncommon trap: trap_request=0xffffff45 fr.pc=0x00000206c9a861a8 relative=0x0000000000000148
Event: 31.580 Thread 0x000002071e94f2b0 Uncommon trap: reason=unstable_if action=reinterpret pc=0x00000206c9a861a8 method=java.util.HashMap.getNode(Ljava/lang/Object;)Ljava/util/HashMap$Node; @ 66 c2
Event: 31.580 Thread 0x000002071e94f2b0 DEOPT PACKING pc=0x00000206c9a861a8 sp=0x000000ba58aff040
Event: 31.580 Thread 0x000002071e94f2b0 DEOPT UNPACKING pc=0x00000206c92e6da2 sp=0x000000ba58afef50 mode 2
Event: 31.580 Thread 0x000002071e94f2b0 Uncommon trap: trap_request=0xffffff45 fr.pc=0x00000206c9a859a8 relative=0x0000000000000148
Event: 31.580 Thread 0x000002071e94f2b0 Uncommon trap: reason=unstable_if action=reinterpret pc=0x00000206c9a859a8 method=java.util.HashMap.getNode(Ljava/lang/Object;)Ljava/util/HashMap$Node; @ 66 c2
Event: 31.580 Thread 0x000002071e94f2b0 DEOPT PACKING pc=0x00000206c9a859a8 sp=0x000000ba58afef60
Event: 31.580 Thread 0x000002071e94f2b0 DEOPT UNPACKING pc=0x00000206c92e6da2 sp=0x000000ba58afeee0 mode 2

Classes loaded (20 events):
Event: 31.624 Loading class sun/util/cldr/CLDRTimeZoneNameProviderImpl
Event: 31.626 Loading class sun/util/locale/provider/TimeZoneNameProviderImpl
Event: 31.626 Loading class sun/util/locale/provider/TimeZoneNameProviderImpl done
Event: 31.626 Loading class sun/util/cldr/CLDRTimeZoneNameProviderImpl done
Event: 31.629 Loading class sun/util/resources/cldr/TimeZoneNames
Event: 31.631 Loading class sun/util/resources/TimeZoneNamesBundle
Event: 31.632 Loading class sun/util/resources/OpenListResourceBundle
Event: 31.632 Loading class sun/util/resources/OpenListResourceBundle done
Event: 31.632 Loading class sun/util/resources/TimeZoneNamesBundle done
Event: 31.632 Loading class sun/util/resources/cldr/TimeZoneNames done
Event: 31.633 Loading class sun/util/resources/cldr/TimeZoneNames_en
Event: 31.641 Loading class sun/util/resources/cldr/TimeZoneNames_en done
Event: 31.641 Loading class sun/util/resources/cldr/TimeZoneNames_en_US
Event: 31.641 Loading class sun/util/resources/cldr/TimeZoneNames_en_US done
Event: 31.644 Loading class sun/util/cldr/CLDRBaseLocaleDataMetaInfo$TZCanonicalIDMapHolder
Event: 31.648 Loading class sun/util/cldr/CLDRBaseLocaleDataMetaInfo$TZCanonicalIDMapHolder done
Event: 31.651 Loading class sun/util/resources/TimeZoneNames
Event: 31.654 Loading class sun/util/resources/TimeZoneNames done
Event: 31.654 Loading class sun/util/resources/TimeZoneNames_en
Event: 31.654 Loading class sun/util/resources/TimeZoneNames_en done

Classes unloaded (7 events):
Event: 4.095 Thread 0x00000206bd3cfbc0 Unloading class 0x00000206d71a9400 'java/lang/invoke/LambdaForm$MH+0x00000206d71a9400'
Event: 4.095 Thread 0x00000206bd3cfbc0 Unloading class 0x00000206d71a9000 'java/lang/invoke/LambdaForm$MH+0x00000206d71a9000'
Event: 4.095 Thread 0x00000206bd3cfbc0 Unloading class 0x00000206d71a8c00 'java/lang/invoke/LambdaForm$MH+0x00000206d71a8c00'
Event: 4.095 Thread 0x00000206bd3cfbc0 Unloading class 0x00000206d71a8800 'java/lang/invoke/LambdaForm$MH+0x00000206d71a8800'
Event: 4.095 Thread 0x00000206bd3cfbc0 Unloading class 0x00000206d71a8400 'java/lang/invoke/LambdaForm$BMH+0x00000206d71a8400'
Event: 4.095 Thread 0x00000206bd3cfbc0 Unloading class 0x00000206d71a8000 'java/lang/invoke/LambdaForm$DMH+0x00000206d71a8000'
Event: 4.095 Thread 0x00000206bd3cfbc0 Unloading class 0x00000206d71a6c00 'java/lang/invoke/LambdaForm$DMH+0x00000206d71a6c00'

Classes redefined (0 events):
No events

Internal exceptions (20 events):
Event: 13.372 Thread 0x0000020722f24dd0 Exception <a 'java/lang/NoSuchMethodError'{0x00000000d60ee0a8}: static Lorg/gradle/internal/build/event/types/DefaultOperationStartedProgressEvent;.<clinit>()V> (0x00000000d60ee0a8) 
thrown [s\src\hotspot\share\prims\jni.cpp, line 1111]
Event: 13.374 Thread 0x0000020722f24dd0 Exception <a 'java/lang/NoSuchMethodError'{0x00000000d6104238}: static Lorg/gradle/internal/build/event/types/DefaultOperationDescriptor;.<clinit>()V> (0x00000000d6104238) 
thrown [s\src\hotspot\share\prims\jni.cpp, line 1111]
Event: 13.374 Thread 0x0000020722f24dd0 Exception <a 'java/lang/NoSuchMethodError'{0x00000000d6112aa8}: static Lorg/gradle/internal/operations/OperationIdentifier;.<clinit>()V> (0x00000000d6112aa8) 
thrown [s\src\hotspot\share\prims\jni.cpp, line 1111]
Event: 15.070 Thread 0x0000020722f24dd0 Exception <a 'java/lang/NoSuchMethodError'{0x00000000d6169f48}: static Lorg/gradle/internal/build/event/types/DefaultOperationFinishedProgressEvent;.<clinit>()V> (0x00000000d6169f48) 
thrown [s\src\hotspot\share\prims\jni.cpp, line 1111]
Event: 15.072 Thread 0x0000020722f24dd0 Exception <a 'java/lang/NoSuchMethodError'{0x00000000d61807c8}: static Lorg/gradle/internal/build/event/types/AbstractResult;.<clinit>()V> (0x00000000d61807c8) 
thrown [s\src\hotspot\share\prims\jni.cpp, line 1111]
Event: 15.072 Thread 0x0000020722f24dd0 Exception <a 'java/lang/NoSuchMethodError'{0x00000000d618e230}: static Lorg/gradle/internal/build/event/types/AbstractOperationResult;.<clinit>()V> (0x00000000d618e230) 
thrown [s\src\hotspot\share\prims\jni.cpp, line 1111]
Event: 15.073 Thread 0x0000020722f24dd0 Exception <a 'java/lang/NoSuchMethodError'{0x00000000d619c260}: static Lorg/gradle/internal/build/event/types/DefaultSuccessResult;.<clinit>()V> (0x00000000d619c260) 
thrown [s\src\hotspot\share\prims\jni.cpp, line 1111]
Event: 18.500 Thread 0x0000020722f24dd0 Exception <a 'java/lang/NoSuchMethodError'{0x00000000d6252ef0}: static Lorg/gradle/internal/build/event/types/DefaultBuildPhaseDescriptor;.<clinit>()V> (0x00000000d6252ef0) 
thrown [s\src\hotspot\share\prims\jni.cpp, line 1111]
Event: 19.120 Thread 0x0000020722f24dd0 Exception <a 'java/lang/NoSuchMethodError'{0x00000000d62eb790}: static Lorg/gradle/internal/build/event/types/DefaultProjectConfigurationDescriptor;.<clinit>()V> (0x00000000d62eb790) 
thrown [s\src\hotspot\share\prims\jni.cpp, line 1111]
Event: 25.300 Thread 0x0000020722f24dd0 Exception <a 'java/lang/NoSuchMethodError'{0x00000000d560f720}: static Lorg/gradle/internal/build/event/types/AbstractProjectConfigurationResult;.<clinit>()V> (0x00000000d560f720) 
thrown [s\src\hotspot\share\prims\jni.cpp, line 1111]
Event: 25.301 Thread 0x0000020722f24dd0 Exception <a 'java/lang/NoSuchMethodError'{0x00000000d561ef08}: static Lorg/gradle/internal/build/event/types/DefaultProjectConfigurationSuccessResult;.<clinit>()V> (0x00000000d561ef08) 
thrown [s\src\hotspot\share\prims\jni.cpp, line 1111]
Event: 25.303 Thread 0x0000020722f24dd0 Exception <a 'java/lang/NoSuchMethodError'{0x00000000d5637cf8}: static Lorg/gradle/internal/build/event/types/DefaultPluginApplicationResult;.<clinit>()V> (0x00000000d5637cf8) 
thrown [s\src\hotspot\share\prims\jni.cpp, line 1111]
Event: 25.305 Thread 0x0000020722f24dd0 Exception <a 'java/lang/NoSuchMethodError'{0x00000000d5650bc8}: static Lorg/gradle/internal/build/event/types/DefaultBinaryPluginIdentifier;.<clinit>()V> (0x00000000d5650bc8) 
thrown [s\src\hotspot\share\prims\jni.cpp, line 1111]
Event: 25.309 Thread 0x0000020722f24dd0 Exception <a 'java/lang/NoSuchMethodError'{0x00000000d567c1b8}: static Lorg/gradle/internal/build/event/types/DefaultScriptPluginIdentifier;.<clinit>()V> (0x00000000d567c1b8) 
thrown [s\src\hotspot\share\prims\jni.cpp, line 1111]
Event: 25.887 Thread 0x0000020722f24dd0 Exception <a 'java/lang/NoSuchMethodError'{0x00000000d57bc570}: static Lorg/gradle/internal/build/event/types/DefaultTaskStartedProgressEvent;.<clinit>()V> (0x00000000d57bc570) 
thrown [s\src\hotspot\share\prims\jni.cpp, line 1111]
Event: 25.890 Thread 0x0000020722f24dd0 Exception <a 'java/lang/NoSuchMethodError'{0x00000000d57d5250}: static Lorg/gradle/internal/build/event/types/DefaultTaskDescriptor;.<clinit>()V> (0x00000000d57d5250) 
thrown [s\src\hotspot\share\prims\jni.cpp, line 1111]
Event: 25.898 Thread 0x0000020722f24dd0 Exception <a 'java/lang/NoSuchMethodError'{0x00000000d5812d90}: static Lorg/gradle/internal/build/event/types/DefaultTaskFinishedProgressEvent;.<clinit>()V> (0x00000000d5812d90) 
thrown [s\src\hotspot\share\prims\jni.cpp, line 1111]
Event: 25.900 Thread 0x0000020722f24dd0 Exception <a 'java/lang/NoSuchMethodError'{0x00000000d582b708}: static Lorg/gradle/internal/build/event/types/AbstractTaskResult;.<clinit>()V> (0x00000000d582b708) 
thrown [s\src\hotspot\share\prims\jni.cpp, line 1111]
Event: 25.901 Thread 0x0000020722f24dd0 Exception <a 'java/lang/NoSuchMethodError'{0x00000000d583a728}: static Lorg/gradle/internal/build/event/types/DefaultTaskSkippedResult;.<clinit>()V> (0x00000000d583a728) 
thrown [s\src\hotspot\share\prims\jni.cpp, line 1111]
Event: 26.522 Thread 0x0000020722f24dd0 Exception <a 'java/lang/NoSuchMethodError'{0x00000000d5c5ec00}: static Lorg/gradle/internal/build/event/types/DefaultTaskSuccessResult;.<clinit>()V> (0x00000000d5c5ec00) 
thrown [s\src\hotspot\share\prims\jni.cpp, line 1111]

ZGC Phase Switch (0 events):
No events

VM Operations (20 events):
Event: 25.885 Executing VM operation: HandshakeAllThreads (Deoptimize) done
Event: 25.889 Executing VM operation: HandshakeAllThreads (Deoptimize)
Event: 25.889 Executing VM operation: HandshakeAllThreads (Deoptimize) done
Event: 25.895 Executing VM operation: HandshakeAllThreads (Deoptimize)
Event: 25.895 Executing VM operation: HandshakeAllThreads (Deoptimize) done
Event: 25.897 Executing VM operation: HandshakeAllThreads (Deoptimize)
Event: 25.897 Executing VM operation: HandshakeAllThreads (Deoptimize) done
Event: 26.898 Executing VM operation: Cleanup
Event: 26.898 Executing VM operation: Cleanup done
Event: 27.781 Executing VM operation: ParallelGCFailedAllocation (Allocation Failure)
Event: 27.783 Executing VM operation: ParallelGCFailedAllocation (Allocation Failure) done
Event: 28.356 Executing VM operation: ParallelGCFailedAllocation (Allocation Failure)
Event: 28.357 Executing VM operation: ParallelGCFailedAllocation (Allocation Failure) done
Event: 28.671 Executing VM operation: ParallelGCFailedAllocation (Allocation Failure)
Event: 28.672 Executing VM operation: ParallelGCFailedAllocation (Allocation Failure) done
Event: 30.673 Executing VM operation: Cleanup
Event: 30.673 Executing VM operation: Cleanup done
Event: 31.573 Executing VM operation: ParallelGCFailedAllocation (Allocation Failure)
Event: 31.574 Executing VM operation: ParallelGCFailedAllocation (Allocation Failure) done
Event: 32.575 Executing VM operation: Cleanup

Memory protections (0 events):
No events

Nmethod flushes (20 events):
Event: 9.368 Thread 0x00000206bd3cfbc0 flushing  nmethod 0x00000206c274d810
Event: 9.368 Thread 0x00000206bd3cfbc0 flushing  nmethod 0x00000206c274de10
Event: 9.368 Thread 0x00000206bd3cfbc0 flushing  nmethod 0x00000206c274ed10
Event: 9.368 Thread 0x00000206bd3cfbc0 flushing  nmethod 0x00000206c274f590
Event: 9.368 Thread 0x00000206bd3cfbc0 flushing  nmethod 0x00000206c2751690
Event: 9.368 Thread 0x00000206bd3cfbc0 flushing  nmethod 0x00000206c2777c90
Event: 9.368 Thread 0x00000206bd3cfbc0 flushing  nmethod 0x00000206c2792310
Event: 9.368 Thread 0x00000206bd3cfbc0 flushing  nmethod 0x00000206c2799310
Event: 9.368 Thread 0x00000206bd3cfbc0 flushing  nmethod 0x00000206c2799710
Event: 9.368 Thread 0x00000206bd3cfbc0 flushing  nmethod 0x00000206c279c090
Event: 9.368 Thread 0x00000206bd3cfbc0 flushing osr nmethod 0x00000206c27ab290
Event: 9.368 Thread 0x00000206bd3cfbc0 flushing  nmethod 0x00000206c27ba810
Event: 9.368 Thread 0x00000206bd3cfbc0 flushing  nmethod 0x00000206c27bb210
Event: 9.368 Thread 0x00000206bd3cfbc0 flushing  nmethod 0x00000206c27bcb10
Event: 9.368 Thread 0x00000206bd3cfbc0 flushing  nmethod 0x00000206c27bcf90
Event: 9.368 Thread 0x00000206bd3cfbc0 flushing  nmethod 0x00000206c27bea90
Event: 9.368 Thread 0x00000206bd3cfbc0 flushing  nmethod 0x00000206c27bee10
Event: 9.368 Thread 0x00000206bd3cfbc0 flushing  nmethod 0x00000206c27bf810
Event: 9.368 Thread 0x00000206bd3cfbc0 flushing  nmethod 0x00000206c27c0710
Event: 9.368 Thread 0x00000206bd3cfbc0 flushing  nmethod 0x00000206c2818190

Events (20 events):
Event: 14.888 Thread 0x00000207183a6b80 Thread exited: 0x00000207183a6b80
Event: 20.510 Thread 0x00000206bd3e45a0 Thread added: 0x000002072153fac0
Event: 20.510 Thread 0x00000206bd3e45a0 Thread added: 0x00000207215423a0
Event: 20.664 Thread 0x000002072153fac0 Thread added: 0x0000020721540190
Event: 20.664 Thread 0x000002072153fac0 Thread added: 0x0000020721540f30
Event: 21.154 Thread 0x00000207215423a0 Thread exited: 0x00000207215423a0
Event: 21.154 Thread 0x0000020721540f30 Thread exited: 0x0000020721540f30
Event: 21.358 Thread 0x000002072153fac0 Thread exited: 0x000002072153fac0
Event: 22.004 Thread 0x0000020721540190 Thread exited: 0x0000020721540190
Event: 25.311 Thread 0x00000206bd3e45a0 Thread added: 0x0000020721540f30
Event: 25.311 Thread 0x00000206bd3e45a0 Thread added: 0x0000020721540190
Event: 25.721 Thread 0x0000020721540190 Thread exited: 0x0000020721540190
Event: 25.721 Thread 0x0000020721540f30 Thread exited: 0x0000020721540f30
Event: 28.654 Thread 0x00000206bd3dbf70 Thread added: 0x000002072153fac0
Event: 28.813 Thread 0x00000206bd3dbf70 Thread added: 0x0000020721541600
Event: 29.668 Thread 0x0000020721541600 Thread exited: 0x0000020721541600
Event: 30.810 Thread 0x000002072153fac0 Thread exited: 0x000002072153fac0
Event: 31.556 Thread 0x00000206bd3dbf70 Thread added: 0x0000020721540190
Event: 31.563 Thread 0x0000020721540190 Thread added: 0x00000207215423a0
Event: 31.570 Thread 0x00000206bd3e45a0 Thread added: 0x000002072153fac0


Dynamic libraries:
0x00007ff7a7060000 - 0x00007ff7a706e000 	c:\Users\rithi\.vscode\extensions\redhat.java-1.46.0-win32-x64\jre\21.0.8-win32-x86_64\bin\java.exe
0x00007ffccca20000 - 0x00007ffcccc89000 	C:\WINDOWS\SYSTEM32\ntdll.dll
0x00007ffccbbb0000 - 0x00007ffccbc79000 	C:\WINDOWS\System32\KERNEL32.DLL
0x00007ffcc9f40000 - 0x00007ffcca333000 	C:\WINDOWS\System32\KERNELBASE.dll
0x00007ffcc9d50000 - 0x00007ffcc9e9b000 	C:\WINDOWS\System32\ucrtbase.dll
0x00007ffcb3af0000 - 0x00007ffcb3b08000 	c:\Users\rithi\.vscode\extensions\redhat.java-1.46.0-win32-x64\jre\21.0.8-win32-x86_64\bin\jli.dll
0x00007ffccb850000 - 0x00007ffccba14000 	C:\WINDOWS\System32\USER32.dll
0x00007ffcc9bb0000 - 0x00007ffcc9bd7000 	C:\WINDOWS\System32\win32u.dll
0x00007ffccba80000 - 0x00007ffccbaab000 	C:\WINDOWS\System32\GDI32.dll
0x00007ffcca570000 - 0x00007ffcca69d000 	C:\WINDOWS\System32\gdi32full.dll
0x00007ffcca4c0000 - 0x00007ffcca563000 	C:\WINDOWS\System32\msvcp_win.dll
0x00007ffcaf4f0000 - 0x00007ffcaf783000 	C:\WINDOWS\WinSxS\amd64_microsoft.windows.common-controls_6595b64144ccf1df_6.0.26100.5074_none_3e0d6f78e32fd63f\COMCTL32.dll
0x00007ffcae260000 - 0x00007ffcae27e000 	c:\Users\rithi\.vscode\extensions\redhat.java-1.46.0-win32-x64\jre\21.0.8-win32-x86_64\bin\VCRUNTIME140.dll
0x00007ffccb370000 - 0x00007ffccb419000 	C:\WINDOWS\System32\msvcrt.dll
0x00007ffccbc80000 - 0x00007ffccbcaf000 	C:\WINDOWS\System32\IMM32.DLL
0x00007ffcbe720000 - 0x00007ffcbe72c000 	c:\Users\rithi\.vscode\extensions\redhat.java-1.46.0-win32-x64\jre\21.0.8-win32-x86_64\bin\vcruntime140_1.dll
0x00007ffc3b270000 - 0x00007ffc3b2fd000 	c:\Users\rithi\.vscode\extensions\redhat.java-1.46.0-win32-x64\jre\21.0.8-win32-x86_64\bin\msvcp140.dll
0x00007ffbbeca0000 - 0x00007ffbbfa37000 	c:\Users\rithi\.vscode\extensions\redhat.java-1.46.0-win32-x64\jre\21.0.8-win32-x86_64\bin\server\jvm.dll
0x00007ffccbec0000 - 0x00007ffccbf74000 	C:\WINDOWS\System32\ADVAPI32.dll
0x00007ffcca870000 - 0x00007ffcca916000 	C:\WINDOWS\System32\sechost.dll
0x00007ffcca920000 - 0x00007ffccaa38000 	C:\WINDOWS\System32\RPCRT4.dll
0x00007ffccbcc0000 - 0x00007ffccbd34000 	C:\WINDOWS\System32\WS2_32.dll
0x00007ffcc87f0000 - 0x00007ffcc884e000 	C:\WINDOWS\SYSTEM32\POWRPROF.dll
0x00007ffcbde10000 - 0x00007ffcbde45000 	C:\WINDOWS\SYSTEM32\WINMM.dll
0x00007ffcc27b0000 - 0x00007ffcc27bb000 	C:\WINDOWS\SYSTEM32\VERSION.dll
0x00007ffcc87d0000 - 0x00007ffcc87e4000 	C:\WINDOWS\SYSTEM32\UMPDC.dll
0x00007ffcc8ab0000 - 0x00007ffcc8acb000 	C:\WINDOWS\SYSTEM32\kernel.appcore.dll
0x00007ffcb7c20000 - 0x00007ffcb7c2a000 	c:\Users\rithi\.vscode\extensions\redhat.java-1.46.0-win32-x64\jre\21.0.8-win32-x86_64\bin\jimage.dll
0x00007ffcc6d30000 - 0x00007ffcc6f72000 	C:\WINDOWS\SYSTEM32\DBGHELP.DLL
0x00007ffccc1d0000 - 0x00007ffccc54b000 	C:\WINDOWS\System32\combase.dll
0x00007ffccbde0000 - 0x00007ffccbeb7000 	C:\WINDOWS\System32\OLEAUT32.dll
0x00007ffcae0d0000 - 0x00007ffcae10d000 	C:\WINDOWS\SYSTEM32\dbgcore.DLL
0x00007ffcc9ea0000 - 0x00007ffcc9f39000 	C:\WINDOWS\System32\bcryptPrimitives.dll
0x00007ffc8d140000 - 0x00007ffc8d14f000 	c:\Users\rithi\.vscode\extensions\redhat.java-1.46.0-win32-x64\jre\21.0.8-win32-x86_64\bin\instrument.dll
0x00007ffc90b50000 - 0x00007ffc90b6f000 	c:\Users\rithi\.vscode\extensions\redhat.java-1.46.0-win32-x64\jre\21.0.8-win32-x86_64\bin\java.dll
0x00007ffccaa40000 - 0x00007ffccb18d000 	C:\WINDOWS\System32\SHELL32.dll
0x00007ffcc9be0000 - 0x00007ffcc9d4c000 	C:\WINDOWS\System32\wintypes.dll
0x00007ffcc7800000 - 0x00007ffcc8059000 	C:\WINDOWS\SYSTEM32\windows.storage.dll
0x00007ffccc000000 - 0x00007ffccc0f0000 	C:\WINDOWS\System32\SHCORE.dll
0x00007ffccb1a0000 - 0x00007ffccb202000 	C:\WINDOWS\System32\shlwapi.dll
0x00007ffcc9ad0000 - 0x00007ffcc9af9000 	C:\WINDOWS\SYSTEM32\profapi.dll
0x00007ffc8f400000 - 0x00007ffc8f418000 	c:\Users\rithi\.vscode\extensions\redhat.java-1.46.0-win32-x64\jre\21.0.8-win32-x86_64\bin\zip.dll
0x00007ffca9af0000 - 0x00007ffca9b00000 	C:\Users\rithi\.vscode\extensions\redhat.java-1.46.0-win32-x64\jre\21.0.8-win32-x86_64\bin\net.dll
0x00007ffcc4230000 - 0x00007ffcc434f000 	C:\WINDOWS\SYSTEM32\WINHTTP.dll
0x00007ffcc9030000 - 0x00007ffcc909b000 	C:\WINDOWS\system32\mswsock.dll
0x00007ffc856c0000 - 0x00007ffc856d6000 	C:\Users\rithi\.vscode\extensions\redhat.java-1.46.0-win32-x64\jre\21.0.8-win32-x86_64\bin\nio.dll
0x00007ffc8c5e0000 - 0x00007ffc8c5f0000 	c:\Users\rithi\.vscode\extensions\redhat.java-1.46.0-win32-x64\jre\21.0.8-win32-x86_64\bin\verify.dll
0x00007ffc65cd0000 - 0x00007ffc65d14000 	C:\Users\rithi\AppData\Roaming\Code\User\globalStorage\redhat.java\1.46.0\config_win\org.eclipse.equinox.launcher\org.eclipse.equinox.launcher.win32.win32.x86_64_1.2.1400.v20250801-0854\eclipse_11916.dll
0x00007ffccb420000 - 0x00007ffccb5b8000 	C:\WINDOWS\System32\ole32.dll
0x00007ffcc92e0000 - 0x00007ffcc92fb000 	C:\WINDOWS\SYSTEM32\CRYPTSP.dll
0x00007ffcc8a10000 - 0x00007ffcc8a4b000 	C:\WINDOWS\system32\rsaenh.dll
0x00007ffcc90d0000 - 0x00007ffcc90fb000 	C:\WINDOWS\SYSTEM32\USERENV.dll
0x00007ffcc9aa0000 - 0x00007ffcc9ac6000 	C:\WINDOWS\SYSTEM32\bcrypt.dll
0x00007ffcc92d0000 - 0x00007ffcc92dc000 	C:\WINDOWS\SYSTEM32\CRYPTBASE.dll
0x00007ffcc84d0000 - 0x00007ffcc8504000 	C:\WINDOWS\SYSTEM32\IPHLPAPI.DLL
0x00007ffccb5c0000 - 0x00007ffccb5ca000 	C:\WINDOWS\System32\NSI.dll
0x00007ffc5b610000 - 0x00007ffc5b659000 	C:\Users\rithi\AppData\Local\Temp\jna-108524254\jna5849927647359040446.dll
0x00007ffccb190000 - 0x00007ffccb198000 	C:\WINDOWS\System32\PSAPI.DLL
0x00007ffcc44b0000 - 0x00007ffcc44ce000 	C:\WINDOWS\SYSTEM32\dhcpcsvc6.DLL
0x00007ffcc4410000 - 0x00007ffcc4433000 	C:\WINDOWS\SYSTEM32\dhcpcsvc.DLL
0x00007ffcb4f70000 - 0x00007ffcb4f97000 	C:\Users\rithi\.gradle\native\1def1411415f61bf3af743bc5b6707747c0891f09f0c88961ee8f79bc544acac\windows-amd64\native-platform.dll
0x00007ffc974c0000 - 0x00007ffc974ca000 	C:\Users\rithi\.vscode\extensions\redhat.java-1.46.0-win32-x64\jre\21.0.8-win32-x86_64\bin\management.dll
0x00007ffc912b0000 - 0x00007ffc912bb000 	C:\Users\rithi\.vscode\extensions\redhat.java-1.46.0-win32-x64\jre\21.0.8-win32-x86_64\bin\management_ext.dll
0x00007ffc8e230000 - 0x00007ffc8e239000 	C:\Users\rithi\.vscode\extensions\redhat.java-1.46.0-win32-x64\jre\21.0.8-win32-x86_64\bin\extnet.dll
0x00007ffc8f3a0000 - 0x00007ffc8f3ae000 	C:\Users\rithi\.vscode\extensions\redhat.java-1.46.0-win32-x64\jre\21.0.8-win32-x86_64\bin\sunmscapi.dll
0x00007ffcca340000 - 0x00007ffcca4b7000 	C:\WINDOWS\System32\CRYPT32.dll
0x00007ffcc94f0000 - 0x00007ffcc9520000 	C:\WINDOWS\SYSTEM32\ncrypt.dll
0x00007ffcc94a0000 - 0x00007ffcc94df000 	C:\WINDOWS\SYSTEM32\NTASN1.dll
0x00007ffcc46c0000 - 0x00007ffcc46c8000 	C:\WINDOWS\system32\wshunix.dll

JVMTI agents:
c:\Users\rithi\.vscode\extensions\redhat.java-1.46.0-win32-x64\lombok\lombok-1.18.39-4050.jar path:c:\Users\rithi\.vscode\extensions\redhat.java-1.46.0-win32-x64\jre\21.0.8-win32-x86_64\bin\instrument.dll, loaded, initialized, instrumentlib options:none

dbghelp: loaded successfully - version: 4.0.5 - missing functions: none
symbol engine: initialized successfully - sym options: 0x614 - pdb path: .;c:\Users\rithi\.vscode\extensions\redhat.java-1.46.0-win32-x64\jre\21.0.8-win32-x86_64\bin;C:\WINDOWS\SYSTEM32;C:\WINDOWS\WinSxS\amd64_microsoft.windows.common-controls_6595b64144ccf1df_6.0.26100.5074_none_3e0d6f78e32fd63f;c:\Users\rithi\.vscode\extensions\redhat.java-1.46.0-win32-x64\jre\21.0.8-win32-x86_64\bin\server;C:\Users\rithi\AppData\Roaming\Code\User\globalStorage\redhat.java\1.46.0\config_win\org.eclipse.equinox.launcher\org.eclipse.equinox.launcher.win32.win32.x86_64_1.2.1400.v20250801-0854;C:\Users\rithi\AppData\Local\Temp\jna-108524254;C:\Users\rithi\.gradle\native\1def1411415f61bf3af743bc5b6707747c0891f09f0c88961ee8f79bc544acac\windows-amd64

VM Arguments:
jvm_args: --add-modules=ALL-SYSTEM --add-opens=java.base/java.util=ALL-UNNAMED --add-opens=java.base/java.lang=ALL-UNNAMED --add-opens=java.base/sun.nio.fs=ALL-UNNAMED -Declipse.application=org.eclipse.jdt.ls.core.id1 -Dosgi.bundles.defaultStartLevel=4 -Declipse.product=org.eclipse.jdt.ls.core.product -Djava.import.generatesMetadataFilesAtProjectRoot=false -DDetectVMInstallationsJob.disabled=true -Dfile.encoding=utf8 -XX:+UseParallelGC -XX:GCTimeRatio=4 -XX:AdaptiveSizePolicyWeight=90 -Dsun.zip.disableMemoryMapping=true -Xmx2G -Xms100m -Xlog:disable -javaagent:c:\Users\rithi\.vscode\extensions\redhat.java-1.46.0-win32-x64\lombok\lombok-1.18.39-4050.jar -XX:+HeapDumpOnOutOfMemoryError -XX:HeapDumpPath=c:\Users\rithi\AppData\Roaming\Code\User\workspaceStorage\7736a05f26cb1fdb0d13bf7f1e0869df\redhat.java -Daether.dependencyCollector.impl=bf 
java_command: c:\Users\rithi\.vscode\extensions\redhat.java-1.46.0-win32-x64\server\plugins\org.eclipse.equinox.launcher_1.7.0.v20250519-0528.jar -configuration c:\Users\rithi\AppData\Roaming\Code\User\globalStorage\redhat.java\1.46.0\config_win -data c:\Users\rithi\AppData\Roaming\Code\User\workspaceStorage\7736a05f26cb1fdb0d13bf7f1e0869df\redhat.java\jdt_ws --pipe=\\.\pipe\lsp-0d1037db7814b4b1b461acd4cc99e33e-sock
java_class_path (initial): c:\Users\rithi\.vscode\extensions\redhat.java-1.46.0-win32-x64\server\plugins\org.eclipse.equinox.launcher_1.7.0.v20250519-0528.jar
Launcher Type: SUN_STANDARD

[Global flags]
    uintx AdaptiveSizePolicyWeight                 = 90                                        {product} {command line}
     intx CICompilerCount                          = 12                                        {product} {ergonomic}
    uintx GCTimeRatio                              = 4                                         {product} {command line}
     bool HeapDumpOnOutOfMemoryError               = true                                   {manageable} {command line}
    ccstr HeapDumpPath                             = c:\Users\rithi\AppData\Roaming\Code\User\workspaceStorage\7736a05f26cb1fdb0d13bf7f1e0869df\redhat.java         {manageable} {command line}
   size_t InitialHeapSize                          = 104857600                                 {product} {command line}
   size_t MaxHeapSize                              = 2147483648                                {product} {command line}
   size_t MaxNewSize                               = 715653120                                 {product} {ergonomic}
   size_t MinHeapDeltaBytes                        = 524288                                    {product} {ergonomic}
   size_t MinHeapSize                              = 104857600                                 {product} {command line}
   size_t NewSize                                  = 34603008                                  {product} {ergonomic}
    uintx NonNMethodCodeHeapSize                   = 7602480                                {pd product} {ergonomic}
    uintx NonProfiledCodeHeapSize                  = 122027880                              {pd product} {ergonomic}
   size_t OldSize                                  = 70254592                                  {product} {ergonomic}
    uintx ProfiledCodeHeapSize                     = 122027880                              {pd product} {ergonomic}
    uintx ReservedCodeCacheSize                    = 251658240                              {pd product} {ergonomic}
     bool SegmentedCodeCache                       = true                                      {product} {ergonomic}
   size_t SoftMaxHeapSize                          = 2147483648                             {manageable} {ergonomic}
     bool UseCompressedOops                        = true                           {product lp64_product} {ergonomic}
     bool UseLargePagesIndividualAllocation        = false                                  {pd product} {ergonomic}
     bool UseParallelGC                            = true                                      {product} {command line}

Logging:
Log output configuration:
 #0: stdout all=off uptime,level,tags foldmultilines=false
 #1: stderr all=off uptime,level,tags foldmultilines=false

Environment Variables:
PATH=C:\Program Files (x86)\VMware\VMware Workstation\bin\;C:\Program Files\Common Files\Oracle\Java\javapath;C:\WINDOWS\system32;C:\WINDOWS;C:\WINDOWS\System32\Wbem;C:\WINDOWS\System32\WindowsPowerShell\v1.0\;C:\WINDOWS\System32\OpenSSH\;C:\Program Files (x86)\NVIDIA Corporation\PhysX\Common;C:\Program Files\dotnet\;C:\Program Files\nodejs\;C:\Program Files\Docker\Docker\resources\bin;C:\Program Files\Git\cmd;C:\Program Files\Amazon\AWSCLIV2\;C:\Program Files\NVIDIA Corporation\NVIDIA app\NvDLISR;C:\Program Files\Appache\Maven\apache-maven-3.9.10\bin;C:\Program Files\Notepad++;C:\Program Files\Cloudflare\Cloudflare WARP\;C:\Users\rithi\develop\flutter\bin;C:\Program Files\MySQL\MySQL Shell 8.0\bin\;C:\Users\rithi\AppData\Local\Programs\Python\Python313\Scripts\;C:\Users\rithi\AppData\Local\Programs\Python\Python313\;C:\Users\rithi\AppData\Local\Programs\Python\Launcher\;C:\Users\rithi\AppData\Local\Microsoft\WindowsApps;C:\Users\rithi\AppData\Local\Programs\Microsoft VS Code\bin;C:\Users\rithi\AppData\Local\GitHubDesktop\bin;C:\Users\rithi\AppData\Roaming\npm;C:\Program Files\JetBrains\IntelliJ IDEA Community Edition 2024.3.3\bin;;C:\Users\rithi\develop\flutter\bin;
USERNAME=rithi
OS=Windows_NT
PROCESSOR_IDENTIFIER=AMD64 Family 25 Model 117 Stepping 2, AuthenticAMD
TMP=C:\Users\rithi\AppData\Local\Temp
TEMP=C:\Users\rithi\AppData\Local\Temp




Periodic native trim disabled

---------------  S Y S T E M  ---------------

OS:
 Windows 11 , 64 bit Build 26100 (10.0.26100.5074)
OS uptime: 0 days 23:13 hours
Hyper-V role detected

CPU: total 16 (initial active 16) (16 cores per cpu, 2 threads per core) family 25 model 117 stepping 2 microcode 0xa705203, cx8, cmov, fxsr, ht, mmx, 3dnowpref, sse, sse2, sse3, ssse3, sse4a, sse4.1, sse4.2, popcnt, lzcnt, tsc, tscinvbit, avx, avx2, aes, erms, clmul, bmi1, bmi2, adx, avx512f, avx512dq, avx512cd, avx512bw, avx512vl, sha, fma, vzeroupper, avx512_vpopcntdq, avx512_vpclmulqdq, avx512_vaes, avx512_vnni, clflush, clflushopt, avx512_vbmi2, avx512_vbmi, hv, rdtscp, rdpid, fsrm, gfni, avx512_bitalg, f16c, cet_ss, avx512_ifma
Processor Information for the first 16 processors :
  Max Mhz: 4001, Current Mhz: 4001, Mhz Limit: 4001

Memory: 4k page, system-wide physical 15661M (567M free)
TotalPageFile size 32045M (AvailPageFile size 10M)
current process WorkingSet (physical memory assigned to process): 132M, peak: 286M
current process commit charge ("private bytes"): 380M, peak: 402M

vm_info: OpenJDK 64-Bit Server VM (21.0.8+9-LTS) for windows-amd64 JRE (21.0.8+9-LTS), built on 2025-07-15T00:00:00Z by "admin" with MS VC++ 17.7 (VS2022)

END.
